<?xml version="1.0" encoding="UTF-8"?>
<!-- Generated by org.testng.reporters.JUnitXMLReporter -->
<testsuite ignored="0" hostname="LAPTOP-FAP6QC75" failures="0" tests="3" name="Default test" time="4.322" errors="0" timestamp="2020-11-07T15:27:43 PST">
  <testcase classname="com.myapiproject.testcases.DeleteParticularBookingTest" name="checkGetResposeForDeletedId" time="0.59"/>
  <testcase classname="com.myapiproject.testcases.DeleteParticularBookingTest" name="checkIdListForDeletedId" time="0.497"/>
  <testcase classname="com.myapiproject.testcases.DeleteParticularBookingTest" name="checkStatusCode" time="0.001"/>
</testsuite> <!-- Default test -->
