<?xml version="1.0" encoding="UTF-8"?>
<!-- Generated by org.testng.reporters.JUnitXMLReporter -->
<testsuite ignored="0" hostname="LAPTOP-FAP6QC75" failures="0" tests="4" name="Default test" time="3.555" errors="0" timestamp="2020-11-06T12:15:09 PST">
  <testcase classname="com.myapiproject.testcases.GetAllBookingIdsTests" name="checkHeaderServerInfo" time="0.008"/>
  <testcase classname="com.myapiproject.testcases.GetAllBookingIdsTests" name="checkListOfBookindIDs" time="0.658"/>
  <testcase classname="com.myapiproject.testcases.GetAllBookingIdsTests" name="checkResponseBody" time="0.002"/>
  <testcase classname="com.myapiproject.testcases.GetAllBookingIdsTests" name="checkStatusCode" time="0.001"/>
</testsuite> <!-- Default test -->
