<?xml version="1.0" encoding="UTF-8"?>
<!-- Generated by org.testng.reporters.JUnitXMLReporter -->
<testsuite ignored="0" hostname="LAPTOP-FAP6QC75" failures="0" tests="18" name="Test" time="10.573" errors="0" timestamp="2020-11-09T11:13:56 PST">
  <testcase classname="com.myapiproject.testcases.DeleteParticularBookingTest" name="checkGetResposeForDeletedId" time="0.542"/>
  <testcase classname="com.myapiproject.testcases.DeleteParticularBookingTest" name="checkIdListForDeletedId" time="0.525"/>
  <testcase classname="com.myapiproject.testcases.DeleteParticularBookingTest" name="checkStatusCode" time="0.0"/>
  <testcase classname="com.myapiproject.testcases.GetAllBookingIdsTests" name="checkHeaderServerInfo" time="0.001"/>
  <testcase classname="com.myapiproject.testcases.GetAllBookingIdsTests" name="checkListOfBookindIDs" time="0.016"/>
  <testcase classname="com.myapiproject.testcases.GetAllBookingIdsTests" name="checkResponseBody" time="0.001"/>
  <testcase classname="com.myapiproject.testcases.GetAllBookingIdsTests" name="checkStatusCode" time="0.0"/>
  <testcase classname="com.myapiproject.testcases.GetAllBookingIdsTests" name="checkingResponseTime" time="0.001"/>
  <testcase classname="com.myapiproject.testcases.GetSingleBookingRecordJSON" name="checkHeaderServerInfo" time="0.002"/>
  <testcase classname="com.myapiproject.testcases.GetSingleBookingRecordJSON" name="checkResponseBody" time="0.102"/>
  <testcase classname="com.myapiproject.testcases.GetSingleBookingRecordJSON" name="checkStatusCode" time="0.0"/>
  <testcase classname="com.myapiproject.testcases.GetSingleBookingRecordJSON" name="checkingResponseTime" time="0.0"/>
  <testcase classname="com.myapiproject.testcases.GetSingleBookingRecordXML" name="checkHeaderServerInfo" time="0.001"/>
  <testcase classname="com.myapiproject.testcases.GetSingleBookingRecordXML" name="checkResponseBody" time="0.178"/>
  <testcase classname="com.myapiproject.testcases.GetSingleBookingRecordXML" name="checkStatusCode" time="0.001"/>
  <testcase classname="com.myapiproject.testcases.GetSingleBookingRecordXML" name="checkingResponseTime" time="0.0"/>
  <testcase classname="com.myapiproject.testcases.UpdateBookingRecordTest" name="checkResponseBody" time="0.092"/>
  <testcase classname="com.myapiproject.testcases.UpdateBookingRecordTest" name="checkingResponseTime" time="0.001"/>
</testsuite> <!-- Test -->
