<?xml version="1.0" encoding="UTF-8"?>
<!-- Generated by org.testng.reporters.JUnitXMLReporter -->
<testsuite ignored="0" hostname="LAPTOP-FAP6QC75" failures="0" tests="18" name="Test" time="10.402" errors="0" timestamp="2020-11-09T10:55:05 PST">
  <testcase classname="com.myapiproject.testcases.DeleteParticularBookingTest" name="checkGetResposeForDeletedId" time="0.573"/>
  <testcase classname="com.myapiproject.testcases.DeleteParticularBookingTest" name="checkIdListForDeletedId" time="0.503"/>
  <testcase classname="com.myapiproject.testcases.DeleteParticularBookingTest" name="checkStatusCode" time="0.0"/>
  <testcase classname="com.myapiproject.testcases.GetAllBookingIdsTests" name="checkHeaderServerInfo" time="0.001"/>
  <testcase classname="com.myapiproject.testcases.GetAllBookingIdsTests" name="checkListOfBookindIDs" time="0.028"/>
  <testcase classname="com.myapiproject.testcases.GetAllBookingIdsTests" name="checkResponseBody" time="0.0"/>
  <testcase classname="com.myapiproject.testcases.GetAllBookingIdsTests" name="checkStatusCode" time="0.0"/>
  <testcase classname="com.myapiproject.testcases.GetAllBookingIdsTests" name="checkingResponseTime" time="0.0"/>
  <testcase classname="com.myapiproject.testcases.GetSingleBookingRecordJSON" name="checkHeaderServerInfo" time="0.0"/>
  <testcase classname="com.myapiproject.testcases.GetSingleBookingRecordJSON" name="checkResponseBody" time="0.074"/>
  <testcase classname="com.myapiproject.testcases.GetSingleBookingRecordJSON" name="checkStatusCode" time="0.002"/>
  <testcase classname="com.myapiproject.testcases.GetSingleBookingRecordJSON" name="checkingResponseTime" time="0.0"/>
  <testcase classname="com.myapiproject.testcases.GetSingleBookingRecordXML" name="checkHeaderServerInfo" time="0.001"/>
  <testcase classname="com.myapiproject.testcases.GetSingleBookingRecordXML" name="checkResponseBody" time="0.15"/>
  <testcase classname="com.myapiproject.testcases.GetSingleBookingRecordXML" name="checkStatusCode" time="0.0"/>
  <testcase classname="com.myapiproject.testcases.GetSingleBookingRecordXML" name="checkingResponseTime" time="0.0"/>
  <testcase classname="com.myapiproject.testcases.UpdateBookingRecordTest" name="checkResponseBody" time="0.085"/>
  <testcase classname="com.myapiproject.testcases.UpdateBookingRecordTest" name="checkingResponseTime" time="0.0"/>
</testsuite> <!-- Test -->
