<?xml version="1.0" encoding="UTF-8"?>
<testsuite name="TestSuite" time="1.418" tests="18" errors="0" skipped="0" failures="0">
  <properties>
[...]
</properties>
  <testcase name="checkGetResposeForDeletedId" classname="com.myapiproject.testcases.DeleteParticularBookingTest" time="0.581"/>
  <testcase name="checkIdListForDeletedId" classname="com.myapiproject.testcases.DeleteParticularBookingTest" time="0.498"/>
  <testcase name="checkStatusCode" classname="com.myapiproject.testcases.DeleteParticularBookingTest" time="0"/>
  <testcase name="checkHeaderServerInfo" classname="com.myapiproject.testcases.GetAllBookingIdsTests" time="0"/>
  <testcase name="checkListOfBookindIDs" classname="com.myapiproject.testcases.GetAllBookingIdsTests" time="0.024"/>
  <testcase name="checkResponseBody" classname="com.myapiproject.testcases.GetAllBookingIdsTests" time="0"/>
  <testcase name="checkStatusCode" classname="com.myapiproject.testcases.GetAllBookingIdsTests" time="0.001"/>
  <testcase name="checkingResponseTime" classname="com.myapiproject.testcases.GetAllBookingIdsTests" time="0.001"/>
  <testcase name="checkHeaderServerInfo" classname="com.myapiproject.testcases.GetSingleBookingRecordJSON" time="0"/>
  <testcase name="checkResponseBody" classname="com.myapiproject.testcases.GetSingleBookingRecordJSON" time="0.074"/>
  <testcase name="checkStatusCode" classname="com.myapiproject.testcases.GetSingleBookingRecordJSON" time="0"/>
  <testcase name="checkingResponseTime" classname="com.myapiproject.testcases.GetSingleBookingRecordJSON" time="0"/>
  <testcase name="checkHeaderServerInfo" classname="com.myapiproject.testcases.GetSingleBookingRecordXML" time="0.001"/>
  <testcase name="checkResponseBody" classname="com.myapiproject.testcases.GetSingleBookingRecordXML" time="0.151"/>
  <testcase name="checkStatusCode" classname="com.myapiproject.testcases.GetSingleBookingRecordXML" time="0"/>
  <testcase name="checkingResponseTime" classname="com.myapiproject.testcases.GetSingleBookingRecordXML" time="0.001"/>
  <testcase name="checkResponseBody" classname="com.myapiproject.testcases.UpdateBookingRecordTest" time="0.085"/>
  <testcase name="checkingResponseTime" classname="com.myapiproject.testcases.UpdateBookingRecordTest" time="0.001"/>
</testsuite>