<?xml version="1.0" encoding="UTF-8"?>
<testng-results ignored="1" total="2" passed="1" failed="0" skipped="0">
  <reporter-output>
  </reporter-output>
  <suite started-at="2020-11-09T15:18:39 PST" name="Default suite" finished-at="2020-11-09T15:18:41 PST" duration-ms="2472">
    <groups>
    </groups>
    <test started-at="2020-11-09T15:18:39 PST" name="Default test" finished-at="2020-11-09T15:18:41 PST" duration-ms="2472">
      <class name="com.myapiproject.testcases.CreateAndValidateBookingUsingPOJO">
        <test-method is-config="true" signature="logSetUp()[pri:0, instance:com.myapiproject.testcases.CreateAndValidateBookingUsingPOJO@758f4f03]" started-at="2020-11-09T15:18:39 PST" name="logSetUp" finished-at="2020-11-09T15:18:39 PST" duration-ms="45" status="PASS">
          <reporter-output>
          </reporter-output>
        </test-method> <!-- logSetUp -->
        <test-method is-config="true" signature="setUp()[pri:0, instance:com.myapiproject.testcases.CreateAndValidateBookingUsingPOJO@758f4f03]" started-at="2020-11-09T15:18:39 PST" name="setUp" finished-at="2020-11-09T15:18:39 PST" duration-ms="123" status="PASS">
          <reporter-output>
          </reporter-output>
        </test-method> <!-- setUp -->
        <test-method is-config="true" signature="createBookingUsingPOJO()[pri:0, instance:com.myapiproject.testcases.CreateAndValidateBookingUsingPOJO@758f4f03]" started-at="2020-11-09T15:18:39 PST" name="createBookingUsingPOJO" finished-at="2020-11-09T15:18:41 PST" duration-ms="2261" status="PASS">
          <reporter-output>
          </reporter-output>
        </test-method> <!-- createBookingUsingPOJO -->
        <test-method signature="checkResponseBody()[pri:0, instance:com.myapiproject.testcases.CreateAndValidateBookingUsingPOJO@758f4f03]" started-at="2020-11-09T15:18:41 PST" name="checkResponseBody" finished-at="2020-11-09T15:18:41 PST" duration-ms="6" status="PASS">
          <reporter-output>
          </reporter-output>
        </test-method> <!-- checkResponseBody -->
      </class> <!-- com.myapiproject.testcases.CreateAndValidateBookingUsingPOJO -->
    </test> <!-- Default test -->
  </suite> <!-- Default suite -->
</testng-results>
