<?xml version="1.0" encoding="UTF-8"?>
<testng-results ignored="0" total="4" passed="4" failed="0" skipped="0">
  <reporter-output>
  </reporter-output>
  <suite started-at="2020-11-06T12:18:22 PST" name="Default suite" finished-at="2020-11-06T12:18:25 PST" duration-ms="3523">
    <groups>
    </groups>
    <test started-at="2020-11-06T12:18:22 PST" name="Default test" finished-at="2020-11-06T12:18:25 PST" duration-ms="3523">
      <class name="com.myapiproject.testcases.GetAllBookingIdsTests">
        <test-method is-config="true" signature="logSetUp()[pri:0, instance:com.myapiproject.testcases.GetAllBookingIdsTests@1d8bd0de]" started-at="2020-11-06T12:18:22 PST" name="logSetUp" finished-at="2020-11-06T12:18:22 PST" duration-ms="78" status="PASS">
          <reporter-output>
          </reporter-output>
        </test-method> <!-- logSetUp -->
        <test-method is-config="true" signature="setUp()[pri:0, instance:com.myapiproject.testcases.GetAllBookingIdsTests@1d8bd0de]" started-at="2020-11-06T12:18:22 PST" name="setUp" finished-at="2020-11-06T12:18:23 PST" duration-ms="960" status="PASS">
          <reporter-output>
          </reporter-output>
        </test-method> <!-- setUp -->
        <test-method is-config="true" signature="getAllBookingIds()[pri:0, instance:com.myapiproject.testcases.GetAllBookingIdsTests@1d8bd0de]" started-at="2020-11-06T12:18:23 PST" name="getAllBookingIds" finished-at="2020-11-06T12:18:25 PST" duration-ms="1777" status="PASS">
          <reporter-output>
          </reporter-output>
        </test-method> <!-- getAllBookingIds -->
        <test-method signature="checkHeaderServerInfo()[pri:0, instance:com.myapiproject.testcases.GetAllBookingIdsTests@1d8bd0de]" started-at="2020-11-06T12:18:25 PST" name="checkHeaderServerInfo" finished-at="2020-11-06T12:18:25 PST" duration-ms="8" status="PASS">
          <reporter-output>
          </reporter-output>
        </test-method> <!-- checkHeaderServerInfo -->
        <test-method signature="checkListOfBookindIDs()[pri:0, instance:com.myapiproject.testcases.GetAllBookingIdsTests@1d8bd0de]" started-at="2020-11-06T12:18:25 PST" name="checkListOfBookindIDs" finished-at="2020-11-06T12:18:25 PST" duration-ms="659" status="PASS">
          <reporter-output>
          </reporter-output>
        </test-method> <!-- checkListOfBookindIDs -->
        <test-method signature="checkResponseBody()[pri:0, instance:com.myapiproject.testcases.GetAllBookingIdsTests@1d8bd0de]" started-at="2020-11-06T12:18:25 PST" name="checkResponseBody" finished-at="2020-11-06T12:18:25 PST" duration-ms="3" status="PASS">
          <reporter-output>
          </reporter-output>
        </test-method> <!-- checkResponseBody -->
        <test-method signature="checkStatusCode()[pri:0, instance:com.myapiproject.testcases.GetAllBookingIdsTests@1d8bd0de]" started-at="2020-11-06T12:18:25 PST" name="checkStatusCode" finished-at="2020-11-06T12:18:25 PST" duration-ms="2" status="PASS">
          <reporter-output>
          </reporter-output>
        </test-method> <!-- checkStatusCode -->
      </class> <!-- com.myapiproject.testcases.GetAllBookingIdsTests -->
    </test> <!-- Default test -->
  </suite> <!-- Default suite -->
</testng-results>
